2022-09-02 13:54:46,192 : kivy : Factory: 186 symbols loaded
2022-09-02 13:54:46,348 : kivy : ImageLoaderFFPy: Using ffpyplayer 4.3.2
2022-09-02 13:54:46,348 : kivy : Image: Providers: img_tex, img_dds, img_sdl2, img_pil, img_ffpyplayer 
2022-09-02 13:54:46,383 : kivy : VideoGstplayer: Using Gstreamer 1.18.0.0
2022-09-02 13:54:46,383 : kivy : Video: Provider: gstplayer
2022-09-02 13:54:46,542 : kivy : Loading MPF-MC controller
2022-09-02 13:54:47,067 : ConfigProcessor : Config spec file cache created: C:\Users\Brendan\AppData\Local\Temp\config_spec.mpf_cache
2022-09-02 13:54:47,067 : YamlMultifileConfigLoader : Machine config file #1: config
2022-09-02 13:54:47,068 : ConfigProcessor : Config file in cache changed: C:\Baby_pacman_code\machine\config\config
2022-09-02 13:54:47,068 : ConfigProcessor : Loading config from file c:\users\brendan\appdata\local\programs\python\python37\lib\site-packages\mpfmc\mcconfig.yaml.
2022-09-02 13:54:47,118 : ConfigProcessor : Loading config: c:\users\brendan\appdata\local\programs\python\python37\lib\site-packages\mpfmc\mcconfig.yaml
2022-09-02 13:54:47,119 : ConfigProcessor : Loading config from file C:\Baby_pacman_code\machine\config\config.
2022-09-02 13:54:47,247 : ConfigProcessor : Loading config: C:\Baby_pacman_code\machine\config\config
2022-09-02 13:54:47,250 : ConfigProcessor : Config file cache created: C:\Users\Brendan\AppData\Local\Temp\e68bda1e95a8aa0185725ca2569cabab.mpf_cache
2022-09-02 13:54:47,250 : ConfigProcessor : Loading config from cache: C:\Users\Brendan\AppData\Local\Temp\467e7647689d29fad6adf949e1f4d51d.mpf_cache
2022-09-02 13:54:47,251 : ConfigProcessor : Loading config from cache: C:\Users\Brendan\AppData\Local\Temp\5550e037aa776b42b91b29b40b356c70.mpf_cache
2022-09-02 13:54:47,252 : ConfigProcessor : Loading config from cache: C:\Users\Brendan\AppData\Local\Temp\15e0c601392b30c3d9ba3ead8131edb5.mpf_cache
2022-09-02 13:54:47,252 : ConfigProcessor : Loading config from cache: C:\Users\Brendan\AppData\Local\Temp\0bf50917c4ef15ab65ee13d6c14e7d7c.mpf_cache
2022-09-02 13:54:47,253 : ConfigProcessor : Loading config from cache: C:\Users\Brendan\AppData\Local\Temp\bc7da7b13b2754e080c2afa0678ac274.mpf_cache
2022-09-02 13:54:47,253 : ConfigProcessor : Loading config from cache: C:\Users\Brendan\AppData\Local\Temp\bbd59d0bb6602ee0c5a89d6f85e6dd42.mpf_cache
2022-09-02 13:54:47,254 : ConfigProcessor : Loading config from cache: C:\Users\Brendan\AppData\Local\Temp\5526c78976fee311c3d05505d75f653d.mpf_cache
2022-09-02 13:54:47,255 : ConfigProcessor : Loading config from cache: C:\Users\Brendan\AppData\Local\Temp\6e95138ae5415fc76b53ebf8fa245fb5.mpf_cache
2022-09-02 13:54:47,255 : ConfigProcessor : Loading config from cache: C:\Users\Brendan\AppData\Local\Temp\1ec1c4dffb383758956493783a9ed391.mpf_cache
2022-09-02 13:54:47,256 : ConfigProcessor : Loading config from cache: C:\Users\Brendan\AppData\Local\Temp\f2aee92728c8017b77c710c804dd7f5a.mpf_cache
2022-09-02 13:54:47,257 : ConfigProcessor : Loading config from cache: C:\Users\Brendan\AppData\Local\Temp\88f57fa1305e9dc100972ec9f84d57fe.mpf_cache
2022-09-02 13:54:47,257 : ConfigProcessor : Loading config from cache: C:\Users\Brendan\AppData\Local\Temp\6e00a9d794d4c3f43a0fc48da04dac60.mpf_cache
2022-09-02 13:54:47,258 : ConfigProcessor : Loading config from cache: C:\Users\Brendan\AppData\Local\Temp\05ef98219fc733c3bcab58726c4b37ef.mpf_cache
2022-09-02 13:54:47,259 : ConfigProcessor : Loading config from cache: C:\Users\Brendan\AppData\Local\Temp\c22d657a5a7bb60632c2be2c735e073b.mpf_cache
2022-09-02 13:54:47,259 : ConfigProcessor : Loading config from cache: C:\Users\Brendan\AppData\Local\Temp\f7d4f5eb9425fe84d2e83a363afd4bdf.mpf_cache
2022-09-02 13:54:47,260 : ConfigProcessor : Loading config from cache: C:\Users\Brendan\AppData\Local\Temp\125f51d329f930ea7bff10973551cc26.mpf_cache
2022-09-02 13:54:47,260 : ConfigProcessor : Loading config from cache: C:\Users\Brendan\AppData\Local\Temp\08e18dfdf4e02cd29cc0cc52be2faaf4.mpf_cache
2022-09-02 13:54:47,261 : ConfigProcessor : Loading config from cache: C:\Users\Brendan\AppData\Local\Temp\f042f5bf6362b9e04d43b40b93a92057.mpf_cache
2022-09-02 13:54:47,262 : ConfigProcessor : Loading config from cache: C:\Users\Brendan\AppData\Local\Temp\60badac06cd62deb71f25fac24b103c2.mpf_cache
2022-09-02 13:54:47,262 : ConfigProcessor : Loading config from cache: C:\Users\Brendan\AppData\Local\Temp\a3ad1aeb679a0686901de8a6ffe784f0.mpf_cache
2022-09-02 13:54:47,263 : ConfigProcessor : Loading config from cache: C:\Users\Brendan\AppData\Local\Temp\d7856287e4ec48fb5adaa65e5f7b2848.mpf_cache
2022-09-02 13:54:47,263 : mpfmc : Mission Pinball Framework Media Controller v0.55.0
2022-09-02 13:54:47,263 : mpfmc : Mission Pinball Framework Game Engine v0.55.0
2022-09-02 13:54:47,264 : mpfmc : Machine path: C:\Baby_pacman_code\machine
2022-09-02 13:54:47,264 : mpfmc : Starting clock at 60.0Hz
2022-09-02 13:54:47,275 : kivy : Text: Provider: sdl2
2022-09-02 13:54:47,309 : kivy : Window: Provider: sdl2
2022-09-02 13:54:47,377 : kivy : GL: Using the "OpenGL" graphics system
2022-09-02 13:54:47,378 : kivy : GL: GLEW initialization succeeded
2022-09-02 13:54:47,378 : kivy : GL: Backend used <glew>
2022-09-02 13:54:47,378 : kivy : GL: OpenGL version <b'3.1.0 - Build 9.17.10.3517'>
2022-09-02 13:54:47,378 : kivy : GL: OpenGL vendor <b'Intel'>
2022-09-02 13:54:47,378 : kivy : GL: OpenGL renderer <b'Intel(R) HD Graphics 2000'>
2022-09-02 13:54:47,378 : kivy : GL: OpenGL parsed version: 3, 1
2022-09-02 13:54:47,379 : kivy : GL: Shading version <b'1.40 - Intel Build 9.17.10.3517'>
2022-09-02 13:54:47,379 : kivy : GL: Texture max size <8192>
2022-09-02 13:54:47,379 : kivy : GL: Texture max units <16>
2022-09-02 13:54:47,445 : kivy : Window: auto add sdl2 input provider
2022-09-02 13:54:47,445 : kivy : Window: virtual keyboard not allowed, single mode, not docked
2022-09-02 13:54:47,595 : AudioInterface : Initialized
2022-09-02 13:54:47,595 : AudioInterface : Loaded SDL 2.0.12
2022-09-02 13:54:47,595 : AudioInterface : Loaded SDL_Mixer 2.0.4
2022-09-02 13:54:47,596 : AudioInterface : Loaded GStreamer 1.18.0.0
2022-09-02 13:54:47,596 : AudioInterface : Loaded GLib 2.62.6
2022-09-02 13:54:47,596 : AudioInterface : Settings requested - rate: 44100, channels: 1, buffer: 2048 samples
2022-09-02 13:54:47,596 : AudioInterface : Settings in use - rate: 44100, channels: 1, buffer: 2048 samples (4096 bytes @ 2 bytes per sample)
2022-09-02 13:54:47,596 : SoundSystem : Setting master volume to 0.0
2022-09-02 13:54:47,596 : SoundSystem : master_volume in sound_system is deprecated and will be removed in the future.
2022-09-02 13:54:47,596 : AudioInterface : Enabling audio playback
2022-09-02 13:54:47,599 : kivy : Base: Start application main loop
2022-09-02 13:54:47,599 : EventManager : Event: ======'display_window1_initialized'====== Args={}
2022-09-02 13:54:47,780 : mpfmc : Display: Setting 'window1' as default display
2022-09-02 13:54:47,788 : mpfmc : ASPECT RATIO MISMATCH: The on-screen window is not the same aspect ratio as the display called 'window1'. The logical display will be scaled from 1366x768 to the window size 1920x1058, and a black bar will make up the difference
2022-09-02 13:54:47,789 : EventManager : Event: ======'displays_initialized'====== Args={}
2022-09-02 13:54:47,791 : EventManager : Event: ======'slide_window1_blank_created'====== Args={}
2022-09-02 13:54:47,791 : EventManager : Event: ======'display_window1_ready'====== Args={}
2022-09-02 13:54:47,800 : EventManager : Event: ======'init_phase_1'====== Args={}
2022-09-02 13:54:47,805 : EventManager : Event: ======'mc_ready'====== Args={}
2022-09-02 13:54:47,805 : EventManager : Event: ======'init_phase_2'====== Args={}
2022-09-02 13:54:47,827 : ConfigValidator : Your config contains a value for the setting "widgets:text:widgets:text:font", but this is not a valid setting name.
2022-09-02 13:54:47,827 : kivy : Base: Leaving application in progress...
2022-09-02 13:54:47,827 : kivy : Exception while processing RegisteredHandler(callback=<bound method ModeController._load_modes of <mpfmc.core.mode_controller.ModeController object at 0x000000000555A2C8>>, priority=1, kwargs={}, key=UUID('acd0246f-444b-444c-a009-b2da79700782'), condition=None, blocking_facility=None) for event init_phase_2. Config File Error in ConfigValidator: Error while loading mode 'playfield_multiplier' >> Error creating slides config entry for 'pf_2x_slide' >> Your config contains a value for the setting "widgets:text:widgets:text:font", but this is not a valid setting name. Error Code: CFE-ConfigValidator-2 (https://docs.missionpinball.org/en/0.55/logs/CFE-ConfigValidator-2.html)
Traceback (most recent call last):
  File "c:\users\brendan\appdata\local\programs\python\python37\lib\site-packages\mpf\core\events.py", line 695, in _run_handlers
    result = handler.callback(**merged_kwargs)
  File "c:\users\brendan\appdata\local\programs\python\python37\lib\site-packages\mpfmc\core\mode_controller.py", line 74, in _load_modes
    raise e
  File "c:\users\brendan\appdata\local\programs\python\python37\lib\site-packages\mpfmc\core\mode_controller.py", line 71, in _load_modes
    **item.kwargs)
  File "c:\users\brendan\appdata\local\programs\python\python37\lib\site-packages\mpfmc\core\config_collection.py", line 60, in create_entries
    raise e
  File "c:\users\brendan\appdata\local\programs\python\python37\lib\site-packages\mpfmc\core\config_collection.py", line 57, in create_entries
    self[name] = self.process_config(settings)
  File "c:\users\brendan\appdata\local\programs\python\python37\lib\site-packages\mpfmc\config_collections\slide.py", line 33, in process_config
    config['widgets'][i] = self.mc.widgets.process_widget(widget)
  File "c:\users\brendan\appdata\local\programs\python\python37\lib\site-packages\mpfmc\config_collections\widget.py", line 82, in process_widget
    config['type']).lower(), config, base_spec='widgets:common')
  File "c:\users\brendan\appdata\local\programs\python\python37\lib\site-packages\mpf\core\config_validator.py", line 180, in validate_config
    validation_failure_info=validation_failure_info)
  File "c:\users\brendan\appdata\local\programs\python\python37\lib\site-packages\mpf\core\config_validator.py", line 192, in _validate_config
    self.check_for_invalid_sections(this_spec, source, validation_failure_info)
  File "c:\users\brendan\appdata\local\programs\python\python37\lib\site-packages\mpf\core\config_validator.py", line 359, in check_for_invalid_sections
    'setting name.', 2, self.log.name)
mpf.exceptions.config_file_error.ConfigFileError: Config File Error in ConfigValidator: Error while loading mode 'playfield_multiplier' >> Error creating slides config entry for 'pf_2x_slide' >> Your config contains a value for the setting "widgets:text:widgets:text:font", but this is not a valid setting name. Error Code: CFE-ConfigValidator-2 (https://docs.missionpinball.org/en/0.55/logs/CFE-ConfigValidator-2.html)

The above exception was the direct cause of the following exception:

Traceback (most recent call last):
  File "c:\users\brendan\appdata\local\programs\python\python37\lib\site-packages\mpfmc\commands\mc.py", line 227, in __init__
    thread_stopper=thread_stopper).run()
  File "c:\users\brendan\appdata\local\programs\python\python37\lib\site-packages\kivy\app.py", line 950, in run
    runTouchApp()
  File "c:\users\brendan\appdata\local\programs\python\python37\lib\site-packages\kivy\base.py", line 582, in runTouchApp
    EventLoop.mainloop()
  File "c:\users\brendan\appdata\local\programs\python\python37\lib\site-packages\kivy\base.py", line 347, in mainloop
    self.idle()
  File "c:\users\brendan\appdata\local\programs\python\python37\lib\site-packages\kivy\base.py", line 387, in idle
    Clock.tick()
  File "c:\users\brendan\appdata\local\programs\python\python37\lib\site-packages\kivy\clock.py", line 733, in tick
    self.post_idle(ts, self.idle())
  File "c:\users\brendan\appdata\local\programs\python\python37\lib\site-packages\kivy\clock.py", line 776, in post_idle
    self._process_events()
  File "kivy\_clock.pyx", line 616, in kivy._clock.CyClockBase._process_events
  File "kivy\_clock.pyx", line 649, in kivy._clock.CyClockBase._process_events
  File "kivy\_clock.pyx", line 645, in kivy._clock.CyClockBase._process_events
  File "kivy\_clock.pyx", line 218, in kivy._clock.ClockEvent.tick
  File "c:\users\brendan\appdata\local\programs\python\python37\lib\site-packages\mpfmc\uix\display.py", line 211, in _displays_initialized
    self.mc.displays_initialized()
  File "c:\users\brendan\appdata\local\programs\python\python37\lib\site-packages\mpfmc\core\mc.py", line 349, in displays_initialized
    self._init()
  File "c:\users\brendan\appdata\local\programs\python\python37\lib\site-packages\mpfmc\core\mc.py", line 394, in _init
    self.events.process_event_queue()
  File "c:\users\brendan\appdata\local\programs\python\python37\lib\site-packages\mpf\core\events.py", line 782, in process_event_queue
    **event[3])
  File "c:\users\brendan\appdata\local\programs\python\python37\lib\site-packages\mpf\core\events.py", line 741, in _process_event
    result = self._run_handlers(event, ev_type, kwargs)
  File "c:\users\brendan\appdata\local\programs\python\python37\lib\site-packages\mpf\core\events.py", line 697, in _run_handlers
    raise Exception("Exception while processing {} for event {}. {}".format(handler, event, e)) from e
Exception: Exception while processing RegisteredHandler(callback=<bound method ModeController._load_modes of <mpfmc.core.mode_controller.ModeController object at 0x000000000555A2C8>>, priority=1, kwargs={}, key=UUID('acd0246f-444b-444c-a009-b2da79700782'), condition=None, blocking_facility=None) for event init_phase_2. Config File Error in ConfigValidator: Error while loading mode 'playfield_multiplier' >> Error creating slides config entry for 'pf_2x_slide' >> Your config contains a value for the setting "widgets:text:widgets:text:font", but this is not a valid setting name. Error Code: CFE-ConfigValidator-2 (https://docs.missionpinball.org/en/0.55/logs/CFE-ConfigValidator-2.html)
2022-09-02 13:54:47,832 : kivy : Stopping child threads... (1 remaining)
2022-09-02 13:54:48,632 : kivy : All child threads stopped.
