2022-08-22 17:16:44,945 : kivy : Factory: 186 symbols loaded
2022-08-22 17:16:45,198 : kivy : ImageLoaderFFPy: Using ffpyplayer 4.3.2
2022-08-22 17:16:45,198 : kivy : Image: Providers: img_tex, img_dds, img_sdl2, img_pil, img_ffpyplayer 
2022-08-22 17:16:45,263 : kivy : VideoGstplayer: Using Gstreamer 1.18.0.0
2022-08-22 17:16:45,263 : kivy : Video: Provider: gstplayer
2022-08-22 17:16:45,476 : kivy : Loading MPF-MC controller
2022-08-22 17:16:46,000 : ConfigProcessor : Config spec file cache created: C:\Users\Brendan\AppData\Local\Temp\config_spec.mpf_cache
2022-08-22 17:16:46,000 : YamlMultifileConfigLoader : Machine config file #1: config
2022-08-22 17:16:46,001 : ConfigProcessor : Config file in cache changed: C:\Baby_pacman_code\machine\config\config
2022-08-22 17:16:46,001 : ConfigProcessor : Loading config from file c:\users\brendan\appdata\local\programs\python\python37\lib\site-packages\mpfmc\mcconfig.yaml.
2022-08-22 17:16:46,052 : ConfigProcessor : Loading config: c:\users\brendan\appdata\local\programs\python\python37\lib\site-packages\mpfmc\mcconfig.yaml
2022-08-22 17:16:46,053 : ConfigProcessor : Loading config from file C:\Baby_pacman_code\machine\config\config.
2022-08-22 17:16:46,183 : ConfigProcessor : Loading config: C:\Baby_pacman_code\machine\config\config
2022-08-22 17:16:46,186 : ConfigProcessor : Config file cache created: C:\Users\Brendan\AppData\Local\Temp\e68bda1e95a8aa0185725ca2569cabab.mpf_cache
2022-08-22 17:16:46,187 : ConfigProcessor : Loading config from cache: C:\Users\Brendan\AppData\Local\Temp\467e7647689d29fad6adf949e1f4d51d.mpf_cache
2022-08-22 17:16:46,187 : ConfigProcessor : Loading config from cache: C:\Users\Brendan\AppData\Local\Temp\5550e037aa776b42b91b29b40b356c70.mpf_cache
2022-08-22 17:16:46,188 : ConfigProcessor : Loading config from cache: C:\Users\Brendan\AppData\Local\Temp\15e0c601392b30c3d9ba3ead8131edb5.mpf_cache
2022-08-22 17:16:46,189 : ConfigProcessor : Loading config from cache: C:\Users\Brendan\AppData\Local\Temp\0bf50917c4ef15ab65ee13d6c14e7d7c.mpf_cache
2022-08-22 17:16:46,189 : ConfigProcessor : Loading config from cache: C:\Users\Brendan\AppData\Local\Temp\bc7da7b13b2754e080c2afa0678ac274.mpf_cache
2022-08-22 17:16:46,190 : ConfigProcessor : Loading config from cache: C:\Users\Brendan\AppData\Local\Temp\bbd59d0bb6602ee0c5a89d6f85e6dd42.mpf_cache
2022-08-22 17:16:46,191 : ConfigProcessor : Loading config from cache: C:\Users\Brendan\AppData\Local\Temp\5526c78976fee311c3d05505d75f653d.mpf_cache
2022-08-22 17:16:46,192 : ConfigProcessor : Loading config from cache: C:\Users\Brendan\AppData\Local\Temp\6e95138ae5415fc76b53ebf8fa245fb5.mpf_cache
2022-08-22 17:16:46,192 : ConfigProcessor : Loading config from cache: C:\Users\Brendan\AppData\Local\Temp\1ec1c4dffb383758956493783a9ed391.mpf_cache
2022-08-22 17:16:46,193 : ConfigProcessor : Loading config from cache: C:\Users\Brendan\AppData\Local\Temp\f2aee92728c8017b77c710c804dd7f5a.mpf_cache
2022-08-22 17:16:46,194 : ConfigProcessor : Loading config from cache: C:\Users\Brendan\AppData\Local\Temp\88f57fa1305e9dc100972ec9f84d57fe.mpf_cache
2022-08-22 17:16:46,195 : ConfigProcessor : Loading config from cache: C:\Users\Brendan\AppData\Local\Temp\6e00a9d794d4c3f43a0fc48da04dac60.mpf_cache
2022-08-22 17:16:46,196 : ConfigProcessor : Loading config from cache: C:\Users\Brendan\AppData\Local\Temp\05ef98219fc733c3bcab58726c4b37ef.mpf_cache
2022-08-22 17:16:46,197 : ConfigProcessor : Loading config from cache: C:\Users\Brendan\AppData\Local\Temp\c22d657a5a7bb60632c2be2c735e073b.mpf_cache
2022-08-22 17:16:46,198 : ConfigProcessor : Loading config from cache: C:\Users\Brendan\AppData\Local\Temp\f7d4f5eb9425fe84d2e83a363afd4bdf.mpf_cache
2022-08-22 17:16:46,198 : ConfigProcessor : Loading config from cache: C:\Users\Brendan\AppData\Local\Temp\125f51d329f930ea7bff10973551cc26.mpf_cache
2022-08-22 17:16:46,199 : ConfigProcessor : Loading config from cache: C:\Users\Brendan\AppData\Local\Temp\08e18dfdf4e02cd29cc0cc52be2faaf4.mpf_cache
2022-08-22 17:16:46,200 : ConfigProcessor : Loading config from cache: C:\Users\Brendan\AppData\Local\Temp\f042f5bf6362b9e04d43b40b93a92057.mpf_cache
2022-08-22 17:16:46,200 : ConfigProcessor : Loading config from cache: C:\Users\Brendan\AppData\Local\Temp\60badac06cd62deb71f25fac24b103c2.mpf_cache
2022-08-22 17:16:46,201 : ConfigProcessor : Loading config from cache: C:\Users\Brendan\AppData\Local\Temp\a3ad1aeb679a0686901de8a6ffe784f0.mpf_cache
2022-08-22 17:16:46,201 : ConfigProcessor : Loading config from cache: C:\Users\Brendan\AppData\Local\Temp\d7856287e4ec48fb5adaa65e5f7b2848.mpf_cache
2022-08-22 17:16:46,202 : mpfmc : Mission Pinball Framework Media Controller v0.55.0
2022-08-22 17:16:46,202 : mpfmc : Mission Pinball Framework Game Engine v0.55.0
2022-08-22 17:16:46,202 : mpfmc : Machine path: C:\Baby_pacman_code\machine
2022-08-22 17:16:46,202 : mpfmc : Starting clock at 60.0Hz
2022-08-22 17:16:46,227 : kivy : Text: Provider: sdl2
2022-08-22 17:16:46,287 : kivy : Window: Provider: sdl2
2022-08-22 17:16:46,445 : kivy : GL: Using the "OpenGL" graphics system
2022-08-22 17:16:46,448 : kivy : GL: GLEW initialization succeeded
2022-08-22 17:16:46,449 : kivy : GL: Backend used <glew>
2022-08-22 17:16:46,449 : kivy : GL: OpenGL version <b'3.1.0 - Build 9.17.10.3517'>
2022-08-22 17:16:46,449 : kivy : GL: OpenGL vendor <b'Intel'>
2022-08-22 17:16:46,449 : kivy : GL: OpenGL renderer <b'Intel(R) HD Graphics 2000'>
2022-08-22 17:16:46,449 : kivy : GL: OpenGL parsed version: 3, 1
2022-08-22 17:16:46,449 : kivy : GL: Shading version <b'1.40 - Intel Build 9.17.10.3517'>
2022-08-22 17:16:46,449 : kivy : GL: Texture max size <8192>
2022-08-22 17:16:46,449 : kivy : GL: Texture max units <16>
2022-08-22 17:16:46,534 : kivy : Window: auto add sdl2 input provider
2022-08-22 17:16:46,534 : kivy : Window: virtual keyboard not allowed, single mode, not docked
2022-08-22 17:16:46,899 : AudioInterface : Initialized
2022-08-22 17:16:46,900 : AudioInterface : Loaded SDL 2.0.12
2022-08-22 17:16:46,900 : AudioInterface : Loaded SDL_Mixer 2.0.4
2022-08-22 17:16:46,900 : AudioInterface : Loaded GStreamer 1.18.0.0
2022-08-22 17:16:46,900 : AudioInterface : Loaded GLib 2.62.6
2022-08-22 17:16:46,900 : AudioInterface : Settings requested - rate: 44100, channels: 1, buffer: 2048 samples
2022-08-22 17:16:46,900 : AudioInterface : Settings in use - rate: 44100, channels: 1, buffer: 2048 samples (4096 bytes @ 2 bytes per sample)
2022-08-22 17:16:46,901 : SoundSystem : Setting master volume to 0.0
2022-08-22 17:16:46,901 : SoundSystem : master_volume in sound_system is deprecated and will be removed in the future.
2022-08-22 17:16:46,901 : AudioInterface : Enabling audio playback
2022-08-22 17:16:46,904 : kivy : Base: Start application main loop
2022-08-22 17:16:46,904 : EventManager : Event: ======'display_window1_initialized'====== Args={}
2022-08-22 17:16:46,951 : mpfmc : Display: Setting 'window1' as default display
2022-08-22 17:16:46,977 : mpfmc : ASPECT RATIO MISMATCH: The on-screen window is not the same aspect ratio as the display called 'window1'. The logical display will be scaled from 1366x768 to the window size 1920x1058, and a black bar will make up the difference
2022-08-22 17:16:46,978 : EventManager : Event: ======'displays_initialized'====== Args={}
2022-08-22 17:16:46,982 : EventManager : Event: ======'slide_window1_blank_created'====== Args={}
2022-08-22 17:16:46,983 : EventManager : Event: ======'display_window1_ready'====== Args={}
2022-08-22 17:16:47,003 : EventManager : Event: ======'init_phase_1'====== Args={}
2022-08-22 17:16:47,009 : EventManager : Event: ======'mc_ready'====== Args={}
2022-08-22 17:16:47,009 : EventManager : Event: ======'init_phase_2'====== Args={}
2022-08-22 17:16:47,035 : kivy : Base: Leaving application in progress...
2022-08-22 17:16:47,035 : kivy : Exception while processing RegisteredHandler(callback=<bound method ModeController._load_modes of <mpfmc.core.mode_controller.ModeController object at 0x0000000005558348>>, priority=1, kwargs={}, key=UUID('042ff048-2e57-433d-8a8e-f3540a940e9c'), condition=None, blocking_facility=None) for event init_phase_2. 
Widget with negative z value in config: {'type': 'text', 'text': 'PLAYFIELD', 'y': '50%', 'x': '1%', 'anchor_x': 'left', 'font_size': 30, 'font_name': 'space_font', 'z': -1, '_default_settings': ['font_name', 'font_size'], 'anchor_y': 'center', 'round_anchor_x': None, 'round_anchor_y': None, 'opacity': 1.0, 'reset_animations_events': {}, 'color': [1.0, 1.0, 1.0, 1.0], 'style': [], 'adjust_top': 0, 'adjust_bottom': 0, 'adjust_left': 0, 'adjust_right': 0, 'expire': None, 'key': None, 'widget': None, 'events_when_added': [], 'events_when_removed': [], 'bitmap_font': False, 'font_kerning': True, 'bold': False, 'italic': False, 'number_grouping': False, 'min_digits': 0, 'halign': 'center', 'valign': 'middle', 'rotation': 0, 'scale': 1.0, 'casing': None, 'animations': None}.

As of MPF v0.30.3, negative z: values are no longer used to put widgets in 'parent' frames. Instead add a 'target:' setting to the 'widget_player:' entry and set that to the name of the display target (display or slide_frame) you want to add this widget to. Note that 'target: default' is valid and will add the widget to the default display on top of any slides.
Traceback (most recent call last):
  File "c:\users\brendan\appdata\local\programs\python\python37\lib\site-packages\mpf\core\events.py", line 695, in _run_handlers
    result = handler.callback(**merged_kwargs)
  File "c:\users\brendan\appdata\local\programs\python\python37\lib\site-packages\mpfmc\core\mode_controller.py", line 71, in _load_modes
    **item.kwargs)
  File "c:\users\brendan\appdata\local\programs\python\python37\lib\site-packages\mpfmc\core\config_collection.py", line 57, in create_entries
    self[name] = self.process_config(settings)
  File "c:\users\brendan\appdata\local\programs\python\python37\lib\site-packages\mpfmc\config_collections\widget.py", line 40, in process_config
    widget_list.append(self.process_widget(widget))
  File "c:\users\brendan\appdata\local\programs\python\python37\lib\site-packages\mpfmc\config_collections\widget.py", line 114, in process_widget
    "default display on top of any slides.\n".format(config))
ValueError: 
Widget with negative z value in config: {'type': 'text', 'text': 'PLAYFIELD', 'y': '50%', 'x': '1%', 'anchor_x': 'left', 'font_size': 30, 'font_name': 'space_font', 'z': -1, '_default_settings': ['font_name', 'font_size'], 'anchor_y': 'center', 'round_anchor_x': None, 'round_anchor_y': None, 'opacity': 1.0, 'reset_animations_events': {}, 'color': [1.0, 1.0, 1.0, 1.0], 'style': [], 'adjust_top': 0, 'adjust_bottom': 0, 'adjust_left': 0, 'adjust_right': 0, 'expire': None, 'key': None, 'widget': None, 'events_when_added': [], 'events_when_removed': [], 'bitmap_font': False, 'font_kerning': True, 'bold': False, 'italic': False, 'number_grouping': False, 'min_digits': 0, 'halign': 'center', 'valign': 'middle', 'rotation': 0, 'scale': 1.0, 'casing': None, 'animations': None}.

As of MPF v0.30.3, negative z: values are no longer used to put widgets in 'parent' frames. Instead add a 'target:' setting to the 'widget_player:' entry and set that to the name of the display target (display or slide_frame) you want to add this widget to. Note that 'target: default' is valid and will add the widget to the default display on top of any slides.


The above exception was the direct cause of the following exception:

Traceback (most recent call last):
  File "c:\users\brendan\appdata\local\programs\python\python37\lib\site-packages\mpfmc\commands\mc.py", line 227, in __init__
    thread_stopper=thread_stopper).run()
  File "c:\users\brendan\appdata\local\programs\python\python37\lib\site-packages\kivy\app.py", line 950, in run
    runTouchApp()
  File "c:\users\brendan\appdata\local\programs\python\python37\lib\site-packages\kivy\base.py", line 582, in runTouchApp
    EventLoop.mainloop()
  File "c:\users\brendan\appdata\local\programs\python\python37\lib\site-packages\kivy\base.py", line 347, in mainloop
    self.idle()
  File "c:\users\brendan\appdata\local\programs\python\python37\lib\site-packages\kivy\base.py", line 387, in idle
    Clock.tick()
  File "c:\users\brendan\appdata\local\programs\python\python37\lib\site-packages\kivy\clock.py", line 733, in tick
    self.post_idle(ts, self.idle())
  File "c:\users\brendan\appdata\local\programs\python\python37\lib\site-packages\kivy\clock.py", line 776, in post_idle
    self._process_events()
  File "kivy\_clock.pyx", line 616, in kivy._clock.CyClockBase._process_events
  File "kivy\_clock.pyx", line 649, in kivy._clock.CyClockBase._process_events
  File "kivy\_clock.pyx", line 645, in kivy._clock.CyClockBase._process_events
  File "kivy\_clock.pyx", line 218, in kivy._clock.ClockEvent.tick
  File "c:\users\brendan\appdata\local\programs\python\python37\lib\site-packages\mpfmc\uix\display.py", line 211, in _displays_initialized
    self.mc.displays_initialized()
  File "c:\users\brendan\appdata\local\programs\python\python37\lib\site-packages\mpfmc\core\mc.py", line 349, in displays_initialized
    self._init()
  File "c:\users\brendan\appdata\local\programs\python\python37\lib\site-packages\mpfmc\core\mc.py", line 394, in _init
    self.events.process_event_queue()
  File "c:\users\brendan\appdata\local\programs\python\python37\lib\site-packages\mpf\core\events.py", line 782, in process_event_queue
    **event[3])
  File "c:\users\brendan\appdata\local\programs\python\python37\lib\site-packages\mpf\core\events.py", line 741, in _process_event
    result = self._run_handlers(event, ev_type, kwargs)
  File "c:\users\brendan\appdata\local\programs\python\python37\lib\site-packages\mpf\core\events.py", line 697, in _run_handlers
    raise Exception("Exception while processing {} for event {}. {}".format(handler, event, e)) from e
Exception: Exception while processing RegisteredHandler(callback=<bound method ModeController._load_modes of <mpfmc.core.mode_controller.ModeController object at 0x0000000005558348>>, priority=1, kwargs={}, key=UUID('042ff048-2e57-433d-8a8e-f3540a940e9c'), condition=None, blocking_facility=None) for event init_phase_2. 
Widget with negative z value in config: {'type': 'text', 'text': 'PLAYFIELD', 'y': '50%', 'x': '1%', 'anchor_x': 'left', 'font_size': 30, 'font_name': 'space_font', 'z': -1, '_default_settings': ['font_name', 'font_size'], 'anchor_y': 'center', 'round_anchor_x': None, 'round_anchor_y': None, 'opacity': 1.0, 'reset_animations_events': {}, 'color': [1.0, 1.0, 1.0, 1.0], 'style': [], 'adjust_top': 0, 'adjust_bottom': 0, 'adjust_left': 0, 'adjust_right': 0, 'expire': None, 'key': None, 'widget': None, 'events_when_added': [], 'events_when_removed': [], 'bitmap_font': False, 'font_kerning': True, 'bold': False, 'italic': False, 'number_grouping': False, 'min_digits': 0, 'halign': 'center', 'valign': 'middle', 'rotation': 0, 'scale': 1.0, 'casing': None, 'animations': None}.

As of MPF v0.30.3, negative z: values are no longer used to put widgets in 'parent' frames. Instead add a 'target:' setting to the 'widget_player:' entry and set that to the name of the display target (display or slide_frame) you want to add this widget to. Note that 'target: default' is valid and will add the widget to the default display on top of any slides.

2022-08-22 17:16:47,043 : kivy : Stopping child threads... (1 remaining)
2022-08-22 17:16:47,943 : kivy : All child threads stopped.
