2022-09-11 12:25:28,553 : INFO : root : Loading config.
2022-09-11 12:25:29,068 : INFO : ConfigProcessor : Config spec file cache created: C:\Users\Brendan\AppData\Local\Temp\config_spec.mpf_cache
2022-09-11 12:25:29,068 : INFO : YamlMultifileConfigLoader : Machine config file #1: config.yaml
2022-09-11 12:25:29,068 : INFO : ConfigProcessor : Loading config from cache: C:\Users\Brendan\AppData\Local\Temp\bccefe987bb586eace29905fa80cab57.mpf_cache
2022-09-11 12:25:29,132 : INFO : ConfigProcessor : Loading config from cache: C:\Users\Brendan\AppData\Local\Temp\467e7647689d29fad6adf949e1f4d51d.mpf_cache
2022-09-11 12:25:29,133 : INFO : ConfigProcessor : Loading config from cache: C:\Users\Brendan\AppData\Local\Temp\5550e037aa776b42b91b29b40b356c70.mpf_cache
2022-09-11 12:25:29,134 : INFO : ConfigProcessor : Loading config from cache: C:\Users\Brendan\AppData\Local\Temp\15e0c601392b30c3d9ba3ead8131edb5.mpf_cache
2022-09-11 12:25:29,135 : INFO : ConfigProcessor : Loading config from cache: C:\Users\Brendan\AppData\Local\Temp\0bf50917c4ef15ab65ee13d6c14e7d7c.mpf_cache
2022-09-11 12:25:29,136 : INFO : ConfigProcessor : Loading config from cache: C:\Users\Brendan\AppData\Local\Temp\bc7da7b13b2754e080c2afa0678ac274.mpf_cache
2022-09-11 12:25:29,137 : INFO : ConfigProcessor : Loading config from cache: C:\Users\Brendan\AppData\Local\Temp\bbd59d0bb6602ee0c5a89d6f85e6dd42.mpf_cache
2022-09-11 12:25:29,137 : INFO : ConfigProcessor : Loading config from cache: C:\Users\Brendan\AppData\Local\Temp\5526c78976fee311c3d05505d75f653d.mpf_cache
2022-09-11 12:25:29,138 : INFO : ConfigProcessor : Loading config from cache: C:\Users\Brendan\AppData\Local\Temp\6e95138ae5415fc76b53ebf8fa245fb5.mpf_cache
2022-09-11 12:25:29,139 : INFO : ConfigProcessor : Loading config from cache: C:\Users\Brendan\AppData\Local\Temp\1ec1c4dffb383758956493783a9ed391.mpf_cache
2022-09-11 12:25:29,140 : INFO : ConfigProcessor : Loading config from cache: C:\Users\Brendan\AppData\Local\Temp\f2aee92728c8017b77c710c804dd7f5a.mpf_cache
2022-09-11 12:25:29,141 : INFO : ConfigProcessor : Loading config from cache: C:\Users\Brendan\AppData\Local\Temp\88f57fa1305e9dc100972ec9f84d57fe.mpf_cache
2022-09-11 12:25:29,142 : INFO : ConfigProcessor : Loading config from cache: C:\Users\Brendan\AppData\Local\Temp\6e00a9d794d4c3f43a0fc48da04dac60.mpf_cache
2022-09-11 12:25:29,142 : INFO : ConfigProcessor : Loading config from cache: C:\Users\Brendan\AppData\Local\Temp\05ef98219fc733c3bcab58726c4b37ef.mpf_cache
2022-09-11 12:25:29,143 : INFO : ConfigProcessor : Loading config from cache: C:\Users\Brendan\AppData\Local\Temp\c22d657a5a7bb60632c2be2c735e073b.mpf_cache
2022-09-11 12:25:29,144 : INFO : ConfigProcessor : Loading config from cache: C:\Users\Brendan\AppData\Local\Temp\f7d4f5eb9425fe84d2e83a363afd4bdf.mpf_cache
2022-09-11 12:25:29,145 : INFO : ConfigProcessor : Loading config from cache: C:\Users\Brendan\AppData\Local\Temp\125f51d329f930ea7bff10973551cc26.mpf_cache
2022-09-11 12:25:29,146 : INFO : ConfigProcessor : Loading config from cache: C:\Users\Brendan\AppData\Local\Temp\08e18dfdf4e02cd29cc0cc52be2faaf4.mpf_cache
2022-09-11 12:25:29,146 : INFO : ConfigProcessor : Loading config from cache: C:\Users\Brendan\AppData\Local\Temp\f042f5bf6362b9e04d43b40b93a92057.mpf_cache
2022-09-11 12:25:29,147 : INFO : ConfigProcessor : Loading config from cache: C:\Users\Brendan\AppData\Local\Temp\60badac06cd62deb71f25fac24b103c2.mpf_cache
2022-09-11 12:25:29,148 : INFO : ConfigProcessor : Loading config from cache: C:\Users\Brendan\AppData\Local\Temp\a3ad1aeb679a0686901de8a6ffe784f0.mpf_cache
2022-09-11 12:25:29,148 : INFO : ConfigProcessor : Loading config from cache: C:\Users\Brendan\AppData\Local\Temp\d7856287e4ec48fb5adaa65e5f7b2848.mpf_cache
2022-09-11 12:25:29,149 : WARNING : ConfigProcessor : Config file in cache changed: C:\Baby_pacman_code\machine\modes\mini_wizard\config\mini_wizard.yaml
2022-09-11 12:25:29,149 : INFO : ConfigProcessor : Loading config from file C:\Baby_pacman_code\machine\modes\mini_wizard\config\mini_wizard.yaml.
2022-09-11 12:25:29,163 : INFO : ConfigProcessor : Loading config: C:\Baby_pacman_code\machine\modes\mini_wizard\config\mini_wizard.yaml
2022-09-11 12:25:29,164 : INFO : ConfigProcessor : Config file cache created: C:\Users\Brendan\AppData\Local\Temp\338dcf2127887f92988a932f243d1482.mpf_cache
2022-09-11 12:25:29,165 : INFO : ConfigProcessor : Loading config from cache: C:\Users\Brendan\AppData\Local\Temp\4849f32e60febd99d83791f2417d9a0f.mpf_cache
2022-09-11 12:25:29,165 : INFO : ConfigProcessor : Loading config from cache: C:\Users\Brendan\AppData\Local\Temp\46695fafdda39c0538290acecd64f4c0.mpf_cache
2022-09-11 12:25:29,166 : INFO : ConfigProcessor : Loading config from cache: C:\Users\Brendan\AppData\Local\Temp\942a9c8af084c06606ececc74db0a30f.mpf_cache
2022-09-11 12:25:29,167 : INFO : ConfigProcessor : Loading config from cache: C:\Users\Brendan\AppData\Local\Temp\d3a5f9b6ba13782c30d3f4f7e40a9dcf.mpf_cache
2022-09-11 12:25:29,167 : INFO : ConfigProcessor : Loading config from cache: C:\Users\Brendan\AppData\Local\Temp\bb2305c107159ac261738ee6fa5177f9.mpf_cache
2022-09-11 12:25:29,168 : INFO : ConfigProcessor : Loading config from cache: C:\Users\Brendan\AppData\Local\Temp\5e8fe62f7d4a280c75af4e016e79234a.mpf_cache
2022-09-11 12:25:29,169 : INFO : ConfigProcessor : Loading config from cache: C:\Users\Brendan\AppData\Local\Temp\7934ad8984867b043b25c8f1f16418da.mpf_cache
2022-09-11 12:25:29,169 : INFO : ConfigProcessor : Loading config from cache: C:\Users\Brendan\AppData\Local\Temp\201f4c0a0d10e05df2979372d05b639d.mpf_cache
2022-09-11 12:25:29,170 : INFO : ConfigProcessor : Loading config from cache: C:\Users\Brendan\AppData\Local\Temp\29084e75e573608c6a2e9d91f8c2e516.mpf_cache
2022-09-11 12:25:29,171 : INFO : ConfigProcessor : Loading config from cache: C:\Users\Brendan\AppData\Local\Temp\c1a52d9ec6beffcf3a0c74172f4f1789.mpf_cache
2022-09-11 12:25:29,172 : INFO : ConfigProcessor : Loading config from cache: C:\Users\Brendan\AppData\Local\Temp\1a7cfdccecce53cd51775700aa921808.mpf_cache
2022-09-11 12:25:29,172 : INFO : ConfigProcessor : Loading config from cache: C:\Users\Brendan\AppData\Local\Temp\bbeb6a5751b9d2029aa6e8633936e040.mpf_cache
2022-09-11 12:25:29,173 : INFO : ConfigProcessor : Loading config from cache: C:\Users\Brendan\AppData\Local\Temp\396defae609afab4d6d7399595fd494b.mpf_cache
2022-09-11 12:25:29,173 : INFO : ConfigProcessor : Loading config from cache: C:\Users\Brendan\AppData\Local\Temp\df5b128cf73808572dcd58af6b99a12a.mpf_cache
2022-09-11 12:25:29,174 : INFO : ConfigProcessor : Loading config from cache: C:\Users\Brendan\AppData\Local\Temp\b16abd66a20b52f76df13eb007a93cde.mpf_cache
2022-09-11 12:25:29,175 : INFO : ConfigProcessor : Loading config from cache: C:\Users\Brendan\AppData\Local\Temp\09ddf149c2750d0dc18124afb4ec1692.mpf_cache
2022-09-11 12:25:29,175 : INFO : ConfigProcessor : Loading config from cache: C:\Users\Brendan\AppData\Local\Temp\dc261f740d4fb0b58874215bc05837b4.mpf_cache
2022-09-11 12:25:29,176 : INFO : ConfigProcessor : Loading config from cache: C:\Users\Brendan\AppData\Local\Temp\fd5b67850c190931870595f7ba331325.mpf_cache
2022-09-11 12:25:29,177 : INFO : ConfigProcessor : Loading config from cache: C:\Users\Brendan\AppData\Local\Temp\7fa0bf6f8a3d06d96f9daba2d24e8451.mpf_cache
2022-09-11 12:25:29,177 : INFO : ConfigProcessor : Loading config from cache: C:\Users\Brendan\AppData\Local\Temp\17652c03725ec0d5dc66b35abdc504c5.mpf_cache
2022-09-11 12:25:29,178 : INFO : ConfigProcessor : Loading config from cache: C:\Users\Brendan\AppData\Local\Temp\f6549f0a1a12987384ccc86b9df17004.mpf_cache
2022-09-11 12:25:29,178 : INFO : ConfigProcessor : Loading config from cache: C:\Users\Brendan\AppData\Local\Temp\d416d6f9f35dec068a811f18f969a8db.mpf_cache
2022-09-11 12:25:29,180 : INFO : ConfigProcessor : Loading config from cache: C:\Users\Brendan\AppData\Local\Temp\2cbb22f93ff96ef242a9a2d7465f7b14.mpf_cache
2022-09-11 12:25:29,181 : INFO : ConfigProcessor : Loading config from cache: C:\Users\Brendan\AppData\Local\Temp\5b43fbcb021f3ce97d73fdb8a470eae4.mpf_cache
2022-09-11 12:25:29,181 : INFO : ConfigProcessor : Loading config from cache: C:\Users\Brendan\AppData\Local\Temp\6d994d077edad00fe01353c1bfbf6638.mpf_cache
2022-09-11 12:25:29,182 : INFO : ConfigProcessor : Loading config from cache: C:\Users\Brendan\AppData\Local\Temp\df6e37541f81fc1a6e02dbcf98e0d10b.mpf_cache
2022-09-11 12:25:29,182 : INFO : ConfigProcessor : Loading config from cache: C:\Users\Brendan\AppData\Local\Temp\c5e911b563ca93c8e10ce7743f92e657.mpf_cache
2022-09-11 12:25:29,183 : INFO : ConfigProcessor : Loading config from cache: C:\Users\Brendan\AppData\Local\Temp\8009c184ad4c71f93407ddc3ac0f69d2.mpf_cache
2022-09-11 12:25:29,184 : INFO : ConfigProcessor : Loading config from cache: C:\Users\Brendan\AppData\Local\Temp\99ecafb2993dab1e69369c4f69529b6f.mpf_cache
2022-09-11 12:25:29,184 : INFO : ConfigProcessor : Loading config from cache: C:\Users\Brendan\AppData\Local\Temp\57f2f8973b8bd58edd1d215976151c60.mpf_cache
2022-09-11 12:25:29,185 : INFO : ConfigProcessor : Loading config from cache: C:\Users\Brendan\AppData\Local\Temp\19f702536b27ff66106645e85afb027e.mpf_cache
2022-09-11 12:25:29,186 : INFO : ConfigProcessor : Loading config from cache: C:\Users\Brendan\AppData\Local\Temp\c17101e4486856bd6430e66412997ee7.mpf_cache
2022-09-11 12:25:29,187 : INFO : ConfigProcessor : Loading config from cache: C:\Users\Brendan\AppData\Local\Temp\c5b3b18e965344eb40bdf988f6d052aa.mpf_cache
2022-09-11 12:25:29,189 : INFO : Machine : Mission Pinball Framework Core Engine v0.55.0
2022-09-11 12:25:29,189 : INFO : Machine : Command line arguments: {'no_load_cache': False, 'create_config_cache': True, 'bcp': True, 'configfile': ['config.yaml'], 'force_assets_load': False, 'jsonlogging': False, 'logfile': 'logs\\2022-09-11-12-25-28-mpf-Pinball-PC.log', 'pause': False, 'production': False, 'text_ui': True, 'loglevel': 15, 'consoleloglevel': 20, 'force_platform': None, 'syslog_address': None, 'mc_file_name': None, 'no_sound': False}
2022-09-11 12:25:29,189 : INFO : Machine : MPF path: c:\users\brendan\appdata\local\programs\python\python37\lib\site-packages\mpf
2022-09-11 12:25:29,189 : INFO : Machine : Machine path: C:\Baby_pacman_code\machine
2022-09-11 12:25:29,189 : INFO : Machine : Platform: win32
2022-09-11 12:25:29,189 : INFO : Machine : Python executable location: c:\users\brendan\appdata\local\programs\python\python37\python.exe
2022-09-11 12:25:29,189 : INFO : Machine : Python version: 3.7.8 (64-bit)
2022-09-11 12:25:29,191 : INFO : Machine : Initialise MPF.
2022-09-11 12:25:29,341 : INFO : FAST : Connecting to com7 at 921600bps
2022-09-11 12:25:29,390 : INFO : FAST : Connected! Processor: NET, Board Type: FP-CPU-002-2, Firmware: 01.05
2022-09-11 12:25:29,390 : INFO : EventManager : Event: ======'machine_var_fast_net_firmware'====== Args={'value': '01.05', 'prev_value': None, 'change': True}
2022-09-11 12:25:29,390 : INFO : EventManager : Event: ======'machine_var_fast_net_model'====== Args={'value': 'FP-CPU-002-2', 'prev_value': None, 'change': True}
2022-09-11 12:25:31,751 : WARNING : FAST : Got unexpected message from FAST: -N:13
2022-09-11 12:25:31,791 : INFO : FAST : Connecting to com8 at 921600bps
2022-09-11 12:25:31,840 : INFO : FAST : Connected! Processor: RGB, Board Type: FP-CPU-002-2, Firmware: 01.00
2022-09-11 12:25:31,840 : INFO : EventManager : Event: ======'machine_var_fast_rgb_firmware'====== Args={'value': '01.00', 'prev_value': None, 'change': True}
2022-09-11 12:25:31,840 : INFO : EventManager : Event: ======'machine_var_fast_rgb_model'====== Args={'value': 'FP-CPU-002-2', 'prev_value': None, 'change': True}
2022-09-11 12:25:31,841 : INFO : EventManager : Event: ======'machine_var_credits_string'====== Args={'value': 'FREE PLAY', 'prev_value': None, 'change': True}
2022-09-11 12:25:31,919 : INFO : EventManager : Event: ======'machine_var_master_volume'====== Args={'value': 0.5, 'prev_value': None, 'change': True}
2022-09-11 12:25:31,920 : INFO : EventManager : Event: ======'machine_var_player1_score'====== Args={'value': 670142530, 'prev_value': None, 'change': True}
2022-09-11 12:25:31,920 : INFO : EventManager : Event: ======'machine_var_mpf_version'====== Args={'value': 'MPF v0.55.0', 'prev_value': None, 'change': True}
2022-09-11 12:25:31,920 : INFO : EventManager : Event: ======'machine_var_mpf_extended_version'====== Args={'value': 'MPF v0.55.0, Config version:5, Show version: 5, BCP version:1.1', 'prev_value': None, 'change': True}
2022-09-11 12:25:31,920 : INFO : EventManager : Event: ======'machine_var_python_version'====== Args={'value': '3.7.8', 'prev_value': None, 'change': True}
2022-09-11 12:25:31,920 : INFO : EventManager : Event: ======'machine_var_platform'====== Args={'value': 'Windows-7-6.1.7601-SP1', 'prev_value': None, 'change': True}
2022-09-11 12:25:31,921 : INFO : EventManager : Event: ======'machine_var_platform_system'====== Args={'value': 'Windows', 'prev_value': None, 'change': True}
2022-09-11 12:25:31,921 : INFO : EventManager : Event: ======'machine_var_platform_release'====== Args={'value': '7', 'prev_value': None, 'change': True}
2022-09-11 12:25:31,921 : INFO : EventManager : Event: ======'machine_var_platform_version'====== Args={'value': '6.1.7601', 'prev_value': None, 'change': True}
2022-09-11 12:25:31,921 : INFO : EventManager : Event: ======'machine_var_platform_machine'====== Args={'value': 'AMD64', 'prev_value': None, 'change': True}
2022-09-11 12:25:31,921 : INFO : EventManager : Event: ======'init_phase_1'====== Args={}
2022-09-11 12:25:32,037 : INFO : EventManager : Event: ======'drop_target_bank_main_up'====== Args={}
2022-09-11 12:25:32,040 : INFO : EventManager : Event: ======'init_phase_2'====== Args={}
2022-09-11 12:25:32,040 : INFO : SwitchController : Found active switch: (('13', 1), <Platform.FAST>) <switch.s_drain>
2022-09-11 12:25:32,086 : INFO : EventManager : Event: ======'bcp_connection_attempt'====== Args={'name': 'local_display', 'host': 'localhost', 'port': 5050}
2022-09-11 12:25:32,088 : INFO : BCPClientSocket : Connecting BCP to 'local_display' at localhost:5050...
2022-09-11 12:25:33,093 : WARNING : FAST : Port com7 was blocked for more than 1s. Reseting send queue! If this happens frequently report a bug!
2022-09-11 12:25:34,091 : WARNING : FAST : Port com7 was blocked for more than 1s. Reseting send queue! If this happens frequently report a bug!
2022-09-11 12:25:35,202 : INFO : BCPClientSocket : Connected BCP to 'local_display' localhost:5050
2022-09-11 12:25:35,204 : INFO : EventManager : Event: ======'bcp_clients_connected'====== Args={}
2022-09-11 12:25:35,217 : INFO : ball_device.bd_drain : BCH: Initial count: 1
2022-09-11 12:25:35,218 : INFO : EventManager : Event: ======'machine_var_mc_version'====== Args={'value': 'MPF-MC v0.55.0', 'prev_value': None, 'change': True}
2022-09-11 12:25:35,219 : INFO : EventManager : Event: ======'machine_var_mc_extended_version'====== Args={'value': 'MPF-MC v0.55.0 (config_version=5, BCP v1.1, Requires MPF v0.55.0-dev.49)', 'prev_value': None, 'change': True}
2022-09-11 12:25:35,224 : INFO : ball_device.bd_drain : State: idle
2022-09-11 12:25:35,256 : INFO : ball_device.bd_left_kicker : BCH: Initial count: 0
2022-09-11 12:25:35,257 : INFO : ball_device.bd_left_kicker : State: idle
2022-09-11 12:25:35,258 : INFO : ball_device.bd_right_kicker : BCH: Initial count: 0
2022-09-11 12:25:35,259 : INFO : ball_device.bd_right_kicker : State: idle
2022-09-11 12:25:35,336 : INFO : EventManager : Event: ======'init_phase_3'====== Args={}
2022-09-11 12:25:35,785 : INFO : EventManager : Event: ======'init_phase_4'====== Args={}
2022-09-11 12:25:35,786 : INFO : EventManager : Event: ======'playfield_active'====== Args={}
2022-09-11 12:25:35,786 : INFO : EventManager : Event: ======'unexpected_ball_on_playfield'====== Args={}
2022-09-11 12:25:35,786 : INFO : EventManager : Event: ======'playfield_active'====== Args={}
2022-09-11 12:25:35,786 : INFO : EventManager : Event: ======'unexpected_ball_on_playfield'====== Args={}
2022-09-11 12:25:35,786 : INFO : EventManager : Event: ======'playfield_active'====== Args={}
2022-09-11 12:25:35,786 : INFO : EventManager : Event: ======'unexpected_ball_on_playfield'====== Args={}
2022-09-11 12:25:35,787 : INFO : EventManager : Event: ======'playfield_active'====== Args={}
2022-09-11 12:25:35,787 : INFO : EventManager : Event: ======'unexpected_ball_on_playfield'====== Args={}
2022-09-11 12:25:35,787 : INFO : EventManager : Event: ======'playfield_active'====== Args={}
2022-09-11 12:25:35,787 : INFO : EventManager : Event: ======'unexpected_ball_on_playfield'====== Args={}
2022-09-11 12:25:35,787 : INFO : BallController : Initial balls found: 1
2022-09-11 12:25:35,789 : INFO : EventManager : Event: ======'machine_var_audits_events_game_ended'====== Args={'value': 0, 'prev_value': None, 'change': True}
2022-09-11 12:25:35,790 : INFO : EventManager : Event: ======'machine_var_audits_events_game_started'====== Args={'value': 0, 'prev_value': None, 'change': True}
2022-09-11 12:25:35,790 : INFO : EventManager : Event: ======'machine_var_audits_player_score'====== Args={'value': {'average': 18787736.48648649, 'top': [720234070, 706004620, 670142530, 591554830, 507595620, 502234510, 441174720, 210762830, 203435200, 198719690], 'total': 629}, 'prev_value': None, 'change': True}
2022-09-11 12:25:35,791 : INFO : EventManager : Event: ======'machine_var_audits_shots_center_drop_mission1'====== Args={'value': 645, 'prev_value': None, 'change': True}
2022-09-11 12:25:35,791 : INFO : EventManager : Event: ======'machine_var_audits_shots_center_target'====== Args={'value': 482, 'prev_value': None, 'change': True}
2022-09-11 12:25:35,791 : INFO : EventManager : Event: ======'machine_var_audits_shots_drop_target1_mission2'====== Args={'value': 262, 'prev_value': None, 'change': True}
2022-09-11 12:25:35,792 : INFO : EventManager : Event: ======'machine_var_audits_shots_drop_target2_mission2'====== Args={'value': 303, 'prev_value': None, 'change': True}
2022-09-11 12:25:35,792 : INFO : EventManager : Event: ======'machine_var_audits_shots_drop_target3_mission2'====== Args={'value': 352, 'prev_value': None, 'change': True}
2022-09-11 12:25:35,792 : INFO : EventManager : Event: ======'machine_var_audits_shots_drop_target4_mission2'====== Args={'value': 317, 'prev_value': None, 'change': True}
2022-09-11 12:25:35,793 : INFO : EventManager : Event: ======'machine_var_audits_shots_drop_target5_mission2'====== Args={'value': 270, 'prev_value': None, 'change': True}
2022-09-11 12:25:35,793 : INFO : EventManager : Event: ======'machine_var_audits_shots_drop_targets_mission3'====== Args={'value': 1795, 'prev_value': None, 'change': True}
2022-09-11 12:25:35,794 : INFO : EventManager : Event: ======'machine_var_audits_shots_galaxy_advance'====== Args={'value': 3289, 'prev_value': None, 'change': True}
2022-09-11 12:25:35,794 : INFO : EventManager : Event: ======'machine_var_audits_shots_l_lane'====== Args={'value': 726, 'prev_value': None, 'change': True}
2022-09-11 12:25:35,794 : INFO : EventManager : Event: ======'machine_var_audits_shots_left_kicker_mission2'====== Args={'value': 179, 'prev_value': None, 'change': True}
2022-09-11 12:25:35,795 : INFO : EventManager : Event: ======'machine_var_audits_shots_left_kicker_mission4'====== Args={'value': 133, 'prev_value': None, 'change': True}
2022-09-11 12:25:35,795 : INFO : EventManager : Event: ======'machine_var_audits_shots_left_loop_mission1'====== Args={'value': 727, 'prev_value': None, 'change': True}
2022-09-11 12:25:35,795 : INFO : EventManager : Event: ======'machine_var_audits_shots_left_loop_mission2'====== Args={'value': 308, 'prev_value': None, 'change': True}
2022-09-11 12:25:35,796 : INFO : EventManager : Event: ======'machine_var_audits_shots_left_loop_mission4'====== Args={'value': 440, 'prev_value': None, 'change': True}
2022-09-11 12:25:35,796 : INFO : EventManager : Event: ======'machine_var_audits_shots_portal_advance'====== Args={'value': 5389, 'prev_value': None, 'change': True}
2022-09-11 12:25:35,797 : INFO : EventManager : Event: ======'machine_var_audits_shots_r_lane'====== Args={'value': 634, 'prev_value': None, 'change': True}
2022-09-11 12:25:35,797 : INFO : EventManager : Event: ======'machine_var_audits_shots_right_kicker_mission2'====== Args={'value': 153, 'prev_value': None, 'change': True}
2022-09-11 12:25:35,797 : INFO : EventManager : Event: ======'machine_var_audits_shots_right_kicker_mission4'====== Args={'value': 154, 'prev_value': None, 'change': True}
2022-09-11 12:25:35,798 : INFO : EventManager : Event: ======'machine_var_audits_shots_right_loop_mission1'====== Args={'value': 836, 'prev_value': None, 'change': True}
2022-09-11 12:25:35,798 : INFO : EventManager : Event: ======'machine_var_audits_shots_right_loop_mission2'====== Args={'value': 360, 'prev_value': None, 'change': True}
2022-09-11 12:25:35,798 : INFO : EventManager : Event: ======'machine_var_audits_shots_right_loop_mission4'====== Args={'value': 504, 'prev_value': None, 'change': True}
2022-09-11 12:25:35,799 : INFO : EventManager : Event: ======'machine_var_audits_shots_warp_advance'====== Args={'value': 1185, 'prev_value': None, 'change': True}
2022-09-11 12:25:35,799 : INFO : EventManager : Event: ======'machine_var_audits_switches_s_action_button'====== Args={'value': 4422, 'prev_value': None, 'change': True}
2022-09-11 12:25:35,800 : INFO : EventManager : Event: ======'machine_var_audits_switches_s_drain'====== Args={'value': 3016, 'prev_value': None, 'change': True}
2022-09-11 12:25:35,800 : INFO : EventManager : Event: ======'machine_var_audits_switches_s_drop_target1'====== Args={'value': 2150, 'prev_value': None, 'change': True}
2022-09-11 12:25:35,800 : INFO : EventManager : Event: ======'machine_var_audits_switches_s_drop_target2'====== Args={'value': 2462, 'prev_value': None, 'change': True}
2022-09-11 12:25:35,801 : INFO : EventManager : Event: ======'machine_var_audits_switches_s_drop_target3'====== Args={'value': 2927, 'prev_value': None, 'change': True}
2022-09-11 12:25:35,801 : INFO : EventManager : Event: ======'machine_var_audits_switches_s_drop_target4'====== Args={'value': 2349, 'prev_value': None, 'change': True}
2022-09-11 12:25:35,802 : INFO : EventManager : Event: ======'machine_var_audits_switches_s_drop_target5'====== Args={'value': 2230, 'prev_value': None, 'change': True}
2022-09-11 12:25:35,802 : INFO : EventManager : Event: ======'machine_var_audits_switches_s_left_captive_ball'====== Args={'value': 534, 'prev_value': None, 'change': True}
2022-09-11 12:25:35,803 : INFO : EventManager : Event: ======'machine_var_audits_switches_s_left_flipper'====== Args={'value': 40156, 'prev_value': None, 'change': True}
2022-09-11 12:25:35,803 : INFO : EventManager : Event: ======'machine_var_audits_switches_s_left_inlane'====== Args={'value': 726, 'prev_value': None, 'change': True}
2022-09-11 12:25:35,803 : INFO : EventManager : Event: ======'machine_var_audits_switches_s_left_inlane_far'====== Args={'value': 5322, 'prev_value': None, 'change': True}
2022-09-11 12:25:35,804 : INFO : EventManager : Event: ======'machine_var_audits_switches_s_left_kicker'====== Args={'value': 1731, 'prev_value': None, 'change': True}
2022-09-11 12:25:35,805 : INFO : EventManager : Event: ======'machine_var_audits_switches_s_left_sling'====== Args={'value': 7804, 'prev_value': None, 'change': True}
2022-09-11 12:25:35,805 : INFO : EventManager : Event: ======'machine_var_audits_switches_s_left_spinner'====== Args={'value': 25855, 'prev_value': None, 'change': True}
2022-09-11 12:25:35,806 : INFO : EventManager : Event: ======'machine_var_audits_switches_s_right_captive_ball'====== Args={'value': 553, 'prev_value': None, 'change': True}
2022-09-11 12:25:35,806 : INFO : EventManager : Event: ======'machine_var_audits_switches_s_right_flipper'====== Args={'value': 36534, 'prev_value': None, 'change': True}
2022-09-11 12:25:35,807 : INFO : EventManager : Event: ======'machine_var_audits_switches_s_right_inlane'====== Args={'value': 634, 'prev_value': None, 'change': True}
2022-09-11 12:25:35,807 : INFO : EventManager : Event: ======'machine_var_audits_switches_s_right_inlane_far'====== Args={'value': 7304, 'prev_value': None, 'change': True}
2022-09-11 12:25:35,808 : INFO : EventManager : Event: ======'machine_var_audits_switches_s_right_kicker'====== Args={'value': 1926, 'prev_value': None, 'change': True}
2022-09-11 12:25:35,808 : INFO : EventManager : Event: ======'machine_var_audits_switches_s_right_sling'====== Args={'value': 14692, 'prev_value': None, 'change': True}
2022-09-11 12:25:35,809 : INFO : EventManager : Event: ======'machine_var_audits_switches_s_right_spinner'====== Args={'value': 19388, 'prev_value': None, 'change': True}
2022-09-11 12:25:35,809 : INFO : EventManager : Event: ======'machine_var_audits_switches_s_start'====== Args={'value': 419, 'prev_value': None, 'change': True}
2022-09-11 12:25:35,810 : INFO : EventManager : Event: ======'init_phase_5'====== Args={}
2022-09-11 12:25:35,816 : INFO : EventManager : Event: ======'init_done'====== Args={}
2022-09-11 12:25:35,817 : WARNING : FAST : Port NET received more messages than were sent! Resetting!
2022-09-11 12:25:35,817 : WARNING : FAST : Port NET received more messages than were sent! Resetting!
2022-09-11 12:25:35,817 : WARNING : FAST : Port NET received more messages than were sent! Resetting!
2022-09-11 12:25:35,817 : WARNING : FAST : Port NET received more messages than were sent! Resetting!
2022-09-11 12:25:35,817 : WARNING : FAST : Port NET received more messages than were sent! Resetting!
2022-09-11 12:25:35,817 : WARNING : FAST : Port NET received more messages than were sent! Resetting!
2022-09-11 12:25:35,817 : WARNING : FAST : Port NET received more messages than were sent! Resetting!
2022-09-11 12:25:35,817 : WARNING : FAST : Port NET received more messages than were sent! Resetting!
2022-09-11 12:25:35,817 : WARNING : FAST : Port NET received more messages than were sent! Resetting!
2022-09-11 12:25:35,817 : WARNING : FAST : Port NET received more messages than were sent! Resetting!
2022-09-11 12:25:35,817 : WARNING : FAST : Port NET received more messages than were sent! Resetting!
2022-09-11 12:25:35,817 : WARNING : FAST : Port NET received more messages than were sent! Resetting!
2022-09-11 12:25:35,817 : WARNING : FAST : Port NET received more messages than were sent! Resetting!
2022-09-11 12:25:35,817 : WARNING : FAST : Port NET received more messages than were sent! Resetting!
2022-09-11 12:25:35,818 : WARNING : FAST : Port NET received more messages than were sent! Resetting!
2022-09-11 12:25:35,818 : WARNING : FAST : Port NET received more messages than were sent! Resetting!
2022-09-11 12:25:35,818 : WARNING : FAST : Port NET received more messages than were sent! Resetting!
2022-09-11 12:25:35,818 : WARNING : FAST : Port NET received more messages than were sent! Resetting!
2022-09-11 12:25:35,818 : WARNING : FAST : Port NET received more messages than were sent! Resetting!
2022-09-11 12:25:35,818 : WARNING : FAST : Port NET received more messages than were sent! Resetting!
2022-09-11 12:25:35,818 : WARNING : FAST : Port NET received more messages than were sent! Resetting!
2022-09-11 12:25:35,818 : WARNING : FAST : Port NET received more messages than were sent! Resetting!
2022-09-11 12:25:35,819 : INFO : EventManager : Event: ======'machine_reset_phase_1'====== Args={}
2022-09-11 12:25:35,831 : INFO : EventManager : Event: ======'machine_reset_phase_2'====== Args={}
2022-09-11 12:25:35,831 : INFO : EventManager : Event: ======'machine_reset_phase_3'====== Args={}
2022-09-11 12:25:35,832 : INFO : EventManager : Event: ======'reset_complete'====== Args={}
2022-09-11 12:25:35,832 : INFO : EventManager : Event: ======'mode_attract_will_start'====== Args={}
2022-09-11 12:25:35,832 : INFO : EventManager : Event: ======'mode_attract_starting'====== Args={}
2022-09-11 12:25:35,832 : INFO : Mode.attract : Started. Priority: 10
2022-09-11 12:25:35,833 : INFO : EventManager : Event: ======'modes_active_modes_changed'====== Args={}
2022-09-11 12:25:35,833 : INFO : EventManager : Event: ======'mode_attract_started'====== Args={}
2022-09-11 12:25:35,835 : INFO : EventManager : Event: ======'collecting_balls_complete'====== Args={}
2022-09-11 12:25:35,856 : INFO : EventManager : Event: ======'slide_show_3.slide_player-0_created'====== Args={'_from_bcp': True}
2022-09-11 12:25:35,856 : INFO : EventManager : Event: ======'slide_show_3.slide_player-0_active'====== Args={'_from_bcp': True}
2022-09-11 12:25:35,857 : INFO : Machine : Starting the main run loop.
2022-09-11 12:25:37,294 : INFO : SwitchController : <<<<<<< 's_start' active >>>>>>>
2022-09-11 12:25:37,438 : INFO : SwitchController : <<<<<<< 's_start' inactive >>>>>>>
2022-09-11 12:25:37,438 : INFO : EventManager : Event: ======'request_to_start_game'====== Args={}
2022-09-11 12:25:37,439 : INFO : EventManager : Event: ======'game_start'====== Args={'buttons': [], 'hold_time': 0.13999999999987267}
2022-09-11 12:25:37,439 : INFO : EventManager : Event: ======'mode_game_will_start'====== Args={'buttons': [], 'hold_time': 0.13999999999987267}
2022-09-11 12:25:37,440 : INFO : EventManager : Event: ======'mode_game_starting'====== Args={'buttons': [], 'hold_time': 0.13999999999987267}
2022-09-11 12:25:37,441 : INFO : EventManager : Event: ======'mode_attract_will_stop'====== Args={}
2022-09-11 12:25:37,441 : INFO : EventManager : Event: ======'mode_attract_stopping'====== Args={}
2022-09-11 12:25:37,441 : INFO : Mode.attract : Stopped.
2022-09-11 12:25:37,441 : INFO : EventManager : Event: ======'modes_active_modes_changed'====== Args={}
2022-09-11 12:25:37,445 : INFO : EventManager : Event: ======'mode_attract_stopped'====== Args={}
2022-09-11 12:25:37,445 : INFO : EventManager : Event: ======'clear'====== Args={'key': 'attract'}
2022-09-11 12:25:37,446 : INFO : Mode.game : Started. Priority: 20
2022-09-11 12:25:37,446 : INFO : EventManager : Event: ======'modes_active_modes_changed'====== Args={}
2022-09-11 12:25:37,446 : INFO : EventManager : Event: ======'mode_game_started'====== Args={'buttons': [], 'hold_time': 0.13999999999987267}
2022-09-11 12:25:37,456 : INFO : EventManager : Event: ======'game_will_start'====== Args={}
2022-09-11 12:25:37,458 : INFO : EventManager : Event: ======'game_starting'====== Args={'game': <Mode.game>}
2022-09-11 12:25:37,458 : INFO : EventManager : Event: ======'slide_show_3.slide_player-0_removed'====== Args={'_from_bcp': True}
2022-09-11 12:25:37,458 : INFO : EventManager : Event: ======'slide_window1_blank_active'====== Args={'_from_bcp': True}
2022-09-11 12:25:37,460 : INFO : EventManager : Event: ======'player_add_request'====== Args={}
2022-09-11 12:25:37,460 : INFO : EventManager : Event: ======'player_will_add'====== Args={'number': 1}
2022-09-11 12:25:37,461 : INFO : EventManager : Event: ======'player_adding'====== Args={'player': <Player 1>, 'number': 1}
2022-09-11 12:25:37,461 : INFO : EventManager : Event: ======'player_added'====== Args={'player': <Player 1>, 'num': 1}
2022-09-11 12:25:37,461 : INFO : Mode.game : Player added successfully. Total players: 1
2022-09-11 12:25:37,462 : INFO : EventManager : Event: ======'player_index'====== Args={'value': 0, 'prev_value': 0, 'change': 0, 'player_num': 1}
2022-09-11 12:25:37,462 : INFO : EventManager : Event: ======'player_number'====== Args={'value': 1, 'prev_value': 1, 'change': 0, 'player_num': 1}
2022-09-11 12:25:37,463 : INFO : EventManager : Event: ======'player_mode_value'====== Args={'value': 1000000, 'prev_value': 1000000, 'change': 0, 'player_num': 1}
2022-09-11 12:25:37,464 : INFO : EventManager : Event: ======'player_bonus_multiplier'====== Args={'value': 1, 'prev_value': 1, 'change': 0, 'player_num': 1}
2022-09-11 12:25:37,464 : INFO : EventManager : Event: ======'player_playfield_multiplier'====== Args={'value': 1, 'prev_value': 1, 'change': 0, 'player_num': 1}
2022-09-11 12:25:37,465 : INFO : EventManager : Event: ======'player_score'====== Args={'value': 0, 'prev_value': 0, 'change': 0, 'player_num': 1}
2022-09-11 12:25:37,465 : INFO : EventManager : Event: ======'game_started'====== Args={}
2022-09-11 12:25:37,494 : INFO : EventManager : Event: ======'player_turn_will_start'====== Args={'player': <Player 1>, 'number': 1}
2022-09-11 12:25:37,495 : INFO : EventManager : Event: ======'player_turn_starting'====== Args={'player': <Player 1>, 'number': 1}
2022-09-11 12:25:37,496 : INFO : EventManager : Event: ======'player_ball'====== Args={'value': 1, 'prev_value': 0, 'change': 1, 'player_num': 1}
2022-09-11 12:25:37,496 : INFO : EventManager : Event: ======'player_turn_started'====== Args={'player': <Player 1>, 'number': 1}
2022-09-11 12:25:37,497 : INFO : EventManager : Event: ======'ball_will_start'====== Args={'player': 1, 'ball': 1, 'balls_remaining': 2, 'is_extra_ball': False}
2022-09-11 12:25:37,500 : INFO : EventManager : Event: ======'ball_starting'====== Args={'player': 1, 'ball': 1, 'balls_remaining': 2, 'is_extra_ball': False}
2022-09-11 12:25:37,502 : INFO : EventManager : Event: ======'balls_in_play'====== Args={'balls': 1}
2022-09-11 12:25:37,502 : INFO : EventManager : Event: ======'ball_started'====== Args={'player': 1, 'ball': 1, 'balls_remaining': 2, 'is_extra_ball': False}
2022-09-11 12:25:37,502 : INFO : EventManager : Event: ======'mode_combos_will_start'====== Args={'player': 1, 'ball': 1, 'balls_remaining': 2, 'is_extra_ball': False}
2022-09-11 12:25:37,506 : INFO : EventManager : Event: ======'mode_combos_starting'====== Args={'player': 1, 'ball': 1, 'balls_remaining': 2, 'is_extra_ball': False}
2022-09-11 12:25:37,507 : INFO : EventManager : Event: ======'mode_base_will_start'====== Args={'player': 1, 'ball': 1, 'balls_remaining': 2, 'is_extra_ball': False}
2022-09-11 12:25:37,507 : INFO : EventManager : Event: ======'player_shot_l_lane_enabled'====== Args={'value': True, 'prev_value': 0, 'change': 1, 'player_num': 1}
2022-09-11 12:25:37,508 : INFO : EventManager : Event: ======'player_shot_r_lane_enabled'====== Args={'value': True, 'prev_value': 0, 'change': 1, 'player_num': 1}
2022-09-11 12:25:37,508 : INFO : EventManager : Event: ======'player_shot_center_target_enabled'====== Args={'value': True, 'prev_value': 0, 'change': 1, 'player_num': 1}
2022-09-11 12:25:37,509 : INFO : EventManager : Event: ======'bonus_lanes_complete'====== Args={'state': 'unlit'}
2022-09-11 12:25:37,509 : INFO : EventManager : Event: ======'bonus_lanes_unlit_complete'====== Args={}
2022-09-11 12:25:37,509 : INFO : EventManager : Event: ======'player_extra_ball_two_modes_complete_num_awarded'====== Args={'value': 0, 'prev_value': 0, 'change': 0, 'player_num': 1}
2022-09-11 12:25:37,510 : INFO : EventManager : Event: ======'achievement_mission1_changed_state'====== Args={'restore': False, 'state': 'disabled', 'selected': False}
2022-09-11 12:25:37,510 : INFO : EventManager : Event: ======'achievement_mission1_state_disabled'====== Args={'restore': False, 'state': 'disabled', 'selected': False}
2022-09-11 12:25:37,510 : INFO : EventManager : Event: ======'achievement_mission2_changed_state'====== Args={'restore': False, 'state': 'disabled', 'selected': False}
2022-09-11 12:25:37,510 : INFO : EventManager : Event: ======'achievement_mission2_state_disabled'====== Args={'restore': False, 'state': 'disabled', 'selected': False}
2022-09-11 12:25:37,510 : INFO : EventManager : Event: ======'achievement_mission3_changed_state'====== Args={'restore': False, 'state': 'disabled', 'selected': False}
2022-09-11 12:25:37,510 : INFO : EventManager : Event: ======'achievement_mission3_state_disabled'====== Args={'restore': False, 'state': 'disabled', 'selected': False}
2022-09-11 12:25:37,510 : INFO : EventManager : Event: ======'achievement_mission4_changed_state'====== Args={'restore': False, 'state': 'disabled', 'selected': False}
2022-09-11 12:25:37,511 : INFO : EventManager : Event: ======'achievement_mission4_state_disabled'====== Args={'restore': False, 'state': 'disabled', 'selected': False}
2022-09-11 12:25:37,519 : INFO : EventManager : Event: ======'mode_base_starting'====== Args={'player': 1, 'ball': 1, 'balls_remaining': 2, 'is_extra_ball': False}
2022-09-11 12:25:37,519 : INFO : EventManager : Event: ======'mode_super_features_will_start'====== Args={'player': 1, 'ball': 1, 'balls_remaining': 2, 'is_extra_ball': False}
2022-09-11 12:25:37,519 : INFO : EventManager : Event: ======'achievement_super_spinners_changed_state'====== Args={'restore': False, 'state': 'disabled', 'selected': False}
2022-09-11 12:25:37,519 : INFO : EventManager : Event: ======'achievement_super_spinners_state_disabled'====== Args={'restore': False, 'state': 'disabled', 'selected': False}
2022-09-11 12:25:37,519 : INFO : EventManager : Event: ======'achievement_super_targets_changed_state'====== Args={'restore': False, 'state': 'disabled', 'selected': False}
2022-09-11 12:25:37,519 : INFO : EventManager : Event: ======'achievement_super_targets_state_disabled'====== Args={'restore': False, 'state': 'disabled', 'selected': False}
2022-09-11 12:25:37,520 : INFO : EventManager : Event: ======'achievement_super_lanes_changed_state'====== Args={'restore': False, 'state': 'disabled', 'selected': False}
2022-09-11 12:25:37,520 : INFO : EventManager : Event: ======'achievement_super_lanes_state_disabled'====== Args={'restore': False, 'state': 'disabled', 'selected': False}
2022-09-11 12:25:37,520 : INFO : EventManager : Event: ======'achievement_super_slings_changed_state'====== Args={'restore': False, 'state': 'disabled', 'selected': False}
2022-09-11 12:25:37,520 : INFO : EventManager : Event: ======'achievement_super_slings_state_disabled'====== Args={'restore': False, 'state': 'disabled', 'selected': False}
2022-09-11 12:25:37,522 : INFO : EventManager : Event: ======'mode_super_features_starting'====== Args={'player': 1, 'ball': 1, 'balls_remaining': 2, 'is_extra_ball': False}
2022-09-11 12:25:37,522 : INFO : drop_target_bank.main : All targets are already up. Will not reset bank.
2022-09-11 12:25:37,523 : INFO : Mode.super_features : Started. Priority: 100
2022-09-11 12:25:37,523 : INFO : EventManager : Event: ======'modes_active_modes_changed'====== Args={}
2022-09-11 12:25:37,523 : INFO : EventManager : Event: ======'mode_super_features_started'====== Args={'player': 1, 'ball': 1, 'balls_remaining': 2, 'is_extra_ball': False}
2022-09-11 12:25:37,524 : INFO : Mode.combos : Started. Priority: 700
2022-09-11 12:25:37,524 : INFO : EventManager : Event: ======'modes_active_modes_changed'====== Args={}
2022-09-11 12:25:37,524 : INFO : EventManager : Event: ======'mode_combos_started'====== Args={'player': 1, 'ball': 1, 'balls_remaining': 2, 'is_extra_ball': False}
2022-09-11 12:25:37,524 : INFO : EventManager : Event: ======'logicblock_mode_completion_counter_updated'====== Args={'value': 0, 'enabled': True}
2022-09-11 12:25:37,524 : INFO : EventManager : Event: ======'logicblock_mode_completion_counter_updated'====== Args={'value': 0, 'enabled': True}
2022-09-11 12:25:37,525 : INFO : Mode.base : Started. Priority: 100
2022-09-11 12:25:37,525 : INFO : EventManager : Event: ======'modes_active_modes_changed'====== Args={}
2022-09-11 12:25:37,525 : INFO : EventManager : Event: ======'mode_base_started'====== Args={'player': 1, 'ball': 1, 'balls_remaining': 2, 'is_extra_ball': False}
2022-09-11 12:25:37,525 : INFO : EventManager : Event: ======'ball_save_base_save_enabled'====== Args={}
2022-09-11 12:25:37,525 : INFO : EventManager : Event: ======'mode_spell_galaxy_will_start'====== Args={'player': 1, 'ball': 1, 'balls_remaining': 2, 'is_extra_ball': False}
2022-09-11 12:25:37,525 : INFO : EventManager : Event: ======'player_shot_galaxy_advance_enabled'====== Args={'value': True, 'prev_value': 0, 'change': 1, 'player_num': 1}
2022-09-11 12:25:37,528 : INFO : EventManager : Event: ======'mode_spell_galaxy_starting'====== Args={'player': 1, 'ball': 1, 'balls_remaining': 2, 'is_extra_ball': False}
2022-09-11 12:25:37,528 : INFO : EventManager : Event: ======'mode_add_mode_value_will_start'====== Args={'player': 1, 'ball': 1, 'balls_remaining': 2, 'is_extra_ball': False}
2022-09-11 12:25:37,529 : INFO : EventManager : Event: ======'mode_add_mode_value_starting'====== Args={'player': 1, 'ball': 1, 'balls_remaining': 2, 'is_extra_ball': False}
2022-09-11 12:25:37,529 : INFO : EventManager : Event: ======'mode_spell_portal_will_start'====== Args={'player': 1, 'ball': 1, 'balls_remaining': 2, 'is_extra_ball': False}
2022-09-11 12:25:37,529 : INFO : EventManager : Event: ======'player_shot_portal_advance_enabled'====== Args={'value': True, 'prev_value': 0, 'change': 1, 'player_num': 1}
2022-09-11 12:25:37,532 : INFO : EventManager : Event: ======'mode_spell_portal_starting'====== Args={'player': 1, 'ball': 1, 'balls_remaining': 2, 'is_extra_ball': False}
2022-09-11 12:25:37,532 : INFO : EventManager : Event: ======'mode_spell_warp_will_start'====== Args={'player': 1, 'ball': 1, 'balls_remaining': 2, 'is_extra_ball': False}
2022-09-11 12:25:37,532 : INFO : EventManager : Event: ======'player_shot_warp_advance_enabled'====== Args={'value': True, 'prev_value': 0, 'change': 1, 'player_num': 1}
2022-09-11 12:25:37,534 : INFO : EventManager : Event: ======'mode_spell_warp_starting'====== Args={'player': 1, 'ball': 1, 'balls_remaining': 2, 'is_extra_ball': False}
2022-09-11 12:25:37,535 : INFO : drop_target_bank.main : All targets are already up. Will not reset bank.
2022-09-11 12:25:37,535 : INFO : Mode.add_mode_value : Started. Priority: 200
2022-09-11 12:25:37,535 : INFO : EventManager : Event: ======'modes_active_modes_changed'====== Args={}
2022-09-11 12:25:37,535 : INFO : EventManager : Event: ======'mode_add_mode_value_started'====== Args={'player': 1, 'ball': 1, 'balls_remaining': 2, 'is_extra_ball': False}
2022-09-11 12:25:37,536 : INFO : EventManager : Event: ======'single_player_ball_started'====== Args={}
2022-09-11 12:25:37,555 : INFO : EventManager : Event: ======'logicblock_galaxy_counter_updated'====== Args={'value': 0, 'enabled': True}
2022-09-11 12:25:37,555 : INFO : EventManager : Event: ======'logicblock_galaxy_counter_updated'====== Args={'value': 0, 'enabled': True}
2022-09-11 12:25:37,555 : INFO : Mode.spell_galaxy : Started. Priority: 200
2022-09-11 12:25:37,555 : INFO : EventManager : Event: ======'modes_active_modes_changed'====== Args={}
2022-09-11 12:25:37,555 : INFO : EventManager : Event: ======'mode_spell_galaxy_started'====== Args={'player': 1, 'ball': 1, 'balls_remaining': 2, 'is_extra_ball': False}
2022-09-11 12:25:37,555 : INFO : EventManager : Event: ======'logicblock_portal_counter_updated'====== Args={'value': 0, 'enabled': True}
2022-09-11 12:25:37,555 : INFO : EventManager : Event: ======'logicblock_portal_counter_updated'====== Args={'value': 0, 'enabled': True}
2022-09-11 12:25:37,555 : INFO : Mode.spell_portal : Started. Priority: 200
2022-09-11 12:25:37,556 : INFO : EventManager : Event: ======'modes_active_modes_changed'====== Args={}
2022-09-11 12:25:37,556 : INFO : EventManager : Event: ======'mode_spell_portal_started'====== Args={'player': 1, 'ball': 1, 'balls_remaining': 2, 'is_extra_ball': False}
2022-09-11 12:25:37,556 : INFO : EventManager : Event: ======'logicblock_warp_counter_updated'====== Args={'value': 0, 'enabled': True}
2022-09-11 12:25:37,556 : INFO : EventManager : Event: ======'logicblock_warp_counter_updated'====== Args={'value': 0, 'enabled': True}
2022-09-11 12:25:37,556 : INFO : Mode.spell_warp : Started. Priority: 200
2022-09-11 12:25:37,556 : INFO : EventManager : Event: ======'modes_active_modes_changed'====== Args={}
2022-09-11 12:25:37,556 : INFO : EventManager : Event: ======'mode_spell_warp_started'====== Args={'player': 1, 'ball': 1, 'balls_remaining': 2, 'is_extra_ball': False}
2022-09-11 12:25:37,557 : INFO : EventManager : Event: ======'achievement_super_spinners_changed_state'====== Args={'restore': False, 'state': 'enabled', 'selected': False}
2022-09-11 12:25:37,557 : INFO : EventManager : Event: ======'achievement_super_spinners_state_enabled'====== Args={'restore': False, 'state': 'enabled', 'selected': False}
2022-09-11 12:25:37,557 : INFO : EventManager : Event: ======'achievement_super_targets_changed_state'====== Args={'restore': False, 'state': 'enabled', 'selected': False}
2022-09-11 12:25:37,557 : INFO : EventManager : Event: ======'achievement_super_targets_state_enabled'====== Args={'restore': False, 'state': 'enabled', 'selected': False}
2022-09-11 12:25:37,557 : INFO : EventManager : Event: ======'achievement_super_lanes_changed_state'====== Args={'restore': False, 'state': 'enabled', 'selected': False}
2022-09-11 12:25:37,557 : INFO : EventManager : Event: ======'achievement_super_lanes_state_enabled'====== Args={'restore': False, 'state': 'enabled', 'selected': False}
2022-09-11 12:25:37,557 : INFO : EventManager : Event: ======'achievement_super_slings_changed_state'====== Args={'restore': False, 'state': 'enabled', 'selected': False}
2022-09-11 12:25:37,557 : INFO : EventManager : Event: ======'achievement_super_slings_state_enabled'====== Args={'restore': False, 'state': 'enabled', 'selected': False}
2022-09-11 12:25:37,558 : INFO : EventManager : Event: ======'achievement_super_targets_changed_state'====== Args={'restore': False, 'state': 'enabled', 'selected': True}
2022-09-11 12:25:37,558 : INFO : EventManager : Event: ======'achievement_super_targets_state_enabled'====== Args={'restore': False, 'state': 'enabled', 'selected': True}
2022-09-11 12:25:37,558 : INFO : EventManager : Event: ======'achievement_super_targets_state_selected'====== Args={'restore': False, 'state': 'enabled', 'selected': True}
2022-09-11 12:25:37,559 : INFO : EventManager : Event: ======'ball_start_target'====== Args={'target': 'playfield'}
2022-09-11 12:25:37,579 : INFO : ball_device.bd_drain : Setting up player-controlled eject. Balls: 1, Target: <playfield.playfield>, player_controlled_eject_event: s_action_button_active
2022-09-11 12:25:37,579 : INFO : EventManager : Event: ======'balldevice_balls_available'====== Args={}
2022-09-11 12:25:37,579 : INFO : EventManager : Event: ======'slide_score_slide_created'====== Args={'_from_bcp': True}
2022-09-11 12:25:37,581 : INFO : EventManager : Event: ======'slide_score_slide_active'====== Args={'_from_bcp': True}
2022-09-11 12:25:37,583 : INFO : ball_device.bd_drain : State: waiting_for_target_ready
2022-09-11 12:25:37,583 : INFO : EventManager : Event: ======'balldevice_bd_drain_ball_eject_attempt'====== Args={'balls': 1, 'target': <playfield.playfield>, 'source': <ball_device.bd_drain>, 'mechanical_eject': True, 'num_attempts': 0}
2022-09-11 12:25:37,584 : INFO : ball_device.bd_drain : State: ejecting
2022-09-11 12:25:37,584 : INFO : ball_device.bd_drain : Ejecting ball to <playfield.playfield>
2022-09-11 12:25:37,584 : INFO : EventManager : Event: ======'balldevice_bd_drain_ejecting_ball'====== Args={'balls': 1, 'target': <playfield.playfield>, 'source': <ball_device.bd_drain>, 'mechanical_eject': True, 'num_attempts': 0}
2022-09-11 12:25:37,585 : INFO : ball_device.bd_drain : Wait for ball to leave device
2022-09-11 12:25:39,086 : INFO : SwitchController : <<<<<<< 's_left_inlane' active >>>>>>>
2022-09-11 12:25:39,087 : INFO : EventManager : Event: ======'playfield_active'====== Args={}
2022-09-11 12:25:39,087 : INFO : EventManager : Event: ======'s_left_inlane_active'====== Args={}
2022-09-11 12:25:39,087 : INFO : EventManager : Event: ======'machine_var_audits_switches_s_left_inlane'====== Args={'value': 727, 'prev_value': 726, 'change': 1}
2022-09-11 12:25:39,094 : INFO : EventManager : Event: ======'mode_mini_wizard_will_start'====== Args={}
2022-09-11 12:25:39,095 : ERROR : asyncio : Exception in callback EventManager.process_event_queue()
handle: <Handle EventManager.process_event_queue()>
Traceback (most recent call last):
  File "c:\users\brendan\appdata\local\programs\python\python37\lib\site-packages\mpf\core\events.py", line 695, in _run_handlers
    result = handler.callback(**merged_kwargs)
  File "c:\users\brendan\appdata\local\programs\python\python37\lib\site-packages\mpf\core\mode.py", line 214, in start
    **item.kwargs)
  File "c:\users\brendan\appdata\local\programs\python\python37\lib\site-packages\mpf\core\config_player.py", line 203, in mode_start
    event_keys = self.register_player_events(config, mode, priority)
  File "c:\users\brendan\appdata\local\programs\python\python37\lib\site-packages\mpf\config_players\plugin_player.py", line 52, in register_player_events
    events = super().register_player_events(config, mode, priority)
  File "c:\users\brendan\appdata\local\programs\python\python37\lib\site-packages\mpf\core\config_player.py", line 301, in register_player_events
    settings=settings))
  File "c:\users\brendan\appdata\local\programs\python\python37\lib\site-packages\mpf\core\events.py", line 178, in add_handler
    event, condition, additional_priority = self.get_event_and_condition_from_string(event)
  File "c:\users\brendan\appdata\local\programs\python\python37\lib\site-packages\mpf\core\events.py", line 96, in get_event_and_condition_from_string
    additional_priority = int(event_string[priority_start + 1:])
ValueError: invalid literal for int() with base 10: 'mw_intro_timer.tick==2)'

The above exception was the direct cause of the following exception:

Traceback (most recent call last):
  File "c:\users\brendan\appdata\local\programs\python\python37\lib\asyncio\events.py", line 88, in _run
    self._context.run(self._callback, *self._args)
  File "c:\users\brendan\appdata\local\programs\python\python37\lib\site-packages\mpf\core\events.py", line 782, in process_event_queue
    **event[3])
  File "c:\users\brendan\appdata\local\programs\python\python37\lib\site-packages\mpf\core\events.py", line 741, in _process_event
    result = self._run_handlers(event, ev_type, kwargs)
  File "c:\users\brendan\appdata\local\programs\python\python37\lib\site-packages\mpf\core\events.py", line 697, in _run_handlers
    raise Exception("Exception while processing {} for event {}. {}".format(handler, event, e)) from e
Exception: Exception while processing RegisteredHandler(callback=<bound method Mode.start of <Mode.mini_wizard>>, priority=75000, kwargs={}, key=UUID('776fcbd7-d988-4d9a-845c-6a7526ea1c45'), condition=None, blocking_facility=None) for event s_left_inlane_active. invalid literal for int() with base 10: 'mw_intro_timer.tick==2)'
2022-09-11 12:25:39,119 : INFO : Machine : Shutting down...
2022-09-11 12:25:39,119 : INFO : EventManager : Event: ======'shutdown'====== Args={}
2022-09-11 12:25:39,134 : WARNING : FAST : Port RGB received more messages than were sent! Resetting!
2022-09-11 12:25:39,135 : WARNING : FAST : Received unknown serial command? BX:P from RGB.
2022-09-11 12:25:39,136 : WARNING : FAST : Port NET received more messages than were sent! Resetting!
2022-09-11 12:25:39,207 : ERROR : FAST : Stop called on serial connection com7
2022-09-11 12:25:39,208 : ERROR : FAST : Stop called on serial connection com8
2022-09-11 12:25:39,426 : ERROR : Machine : Runtime Exception
Traceback (most recent call last):
  File "c:\users\brendan\appdata\local\programs\python\python37\lib\site-packages\mpf\core\events.py", line 695, in _run_handlers
    result = handler.callback(**merged_kwargs)
  File "c:\users\brendan\appdata\local\programs\python\python37\lib\site-packages\mpf\core\mode.py", line 214, in start
    **item.kwargs)
  File "c:\users\brendan\appdata\local\programs\python\python37\lib\site-packages\mpf\core\config_player.py", line 203, in mode_start
    event_keys = self.register_player_events(config, mode, priority)
  File "c:\users\brendan\appdata\local\programs\python\python37\lib\site-packages\mpf\config_players\plugin_player.py", line 52, in register_player_events
    events = super().register_player_events(config, mode, priority)
  File "c:\users\brendan\appdata\local\programs\python\python37\lib\site-packages\mpf\core\config_player.py", line 301, in register_player_events
    settings=settings))
  File "c:\users\brendan\appdata\local\programs\python\python37\lib\site-packages\mpf\core\events.py", line 178, in add_handler
    event, condition, additional_priority = self.get_event_and_condition_from_string(event)
  File "c:\users\brendan\appdata\local\programs\python\python37\lib\site-packages\mpf\core\events.py", line 96, in get_event_and_condition_from_string
    additional_priority = int(event_string[priority_start + 1:])
ValueError: invalid literal for int() with base 10: 'mw_intro_timer.tick==2)'

The above exception was the direct cause of the following exception:

Traceback (most recent call last):
  File "c:\users\brendan\appdata\local\programs\python\python37\lib\site-packages\mpf\core\machine.py", line 769, in _run_loop
    raise self._exception['exception']
  File "c:\users\brendan\appdata\local\programs\python\python37\lib\asyncio\events.py", line 88, in _run
    self._context.run(self._callback, *self._args)
  File "c:\users\brendan\appdata\local\programs\python\python37\lib\site-packages\mpf\core\events.py", line 782, in process_event_queue
    **event[3])
  File "c:\users\brendan\appdata\local\programs\python\python37\lib\site-packages\mpf\core\events.py", line 741, in _process_event
    result = self._run_handlers(event, ev_type, kwargs)
  File "c:\users\brendan\appdata\local\programs\python\python37\lib\site-packages\mpf\core\events.py", line 697, in _run_handlers
    raise Exception("Exception while processing {} for event {}. {}".format(handler, event, e)) from e
Exception: Exception while processing RegisteredHandler(callback=<bound method Mode.start of <Mode.mini_wizard>>, priority=75000, kwargs={}, key=UUID('776fcbd7-d988-4d9a-845c-6a7526ea1c45'), condition=None, blocking_facility=None) for event s_left_inlane_active. invalid literal for int() with base 10: 'mw_intro_timer.tick==2)'
2022-09-11 12:25:47,130 : INFO : root : MPF run loop ended.
